[Info  - 12:56:12] Initialising intelephense 1.5.3
[Info  - 12:56:12] Initialised in 7 ms
[Warn  - 12:56:13] file:///home/higor/desenvolvimento/laravel/projects/relationships/vendor/fzaninotto/faker/src/Faker/Provider/nl_BE/Text.php is over the maximum file size of 1000000 bytes.
[Info  - 12:56:13] Indexing started.
[Info  - 12:56:25] Indexing ended. 5776 files indexed in 12s.
[Info  - 12:56:25] Writing state to /home/higor/desenvolvimento/laravel/projects/relationships/~/.vscode-root/User/workspaceStorage/a073b507e8e5b10c9ab473593f42f199/bmewburn.vscode-intelephense-client/676b29a8.
[Info  - 12:56:26] Wrote state in 0.6s.
[Info  - 12:56:29] Indexing started.
[Info  - 12:56:29] Indexing ended. 1 files indexed in 0s.
[Info  - 12:56:42] Indexing started.
[Info  - 12:56:42] Indexing ended. 1 files indexed in 0s.
[Info  - 12:56:54] Indexing started.
[Info  - 12:56:54] Indexing ended. 1 files indexed in 0s.
[Info  - 12:57:20] Indexing started.
[Info  - 12:57:20] Indexing ended. 1 files indexed in 0s.
[Info  - 13:00:12] Indexing started.
[Info  - 13:00:12] Indexing ended. 1 files indexed in 0s.
[Info  - 13:00:25] Indexing started.
[Info  - 13:00:25] Indexing ended. 1 files indexed in 0s.
[Info  - 13:00:37] Indexing started.
[Info  - 13:00:38] Indexing ended. 1 files indexed in 0s.
[Info  - 13:00:42] Indexing started.
[Info  - 13:00:42] Indexing ended. 1 files indexed in 0s.
[Info  - 13:01:22] Indexing started.
[Info  - 13:01:22] Indexing ended. 1 files indexed in 0s.
[Info  - 13:01:35] Indexing started.
[Info  - 13:01:35] Indexing ended. 1 files indexed in 0s.
[Info  - 13:02:42] Indexing started.
[Info  - 13:02:42] Indexing ended. 1 files indexed in 0s.
[Info  - 13:02:55] Indexing started.
[Info  - 13:02:55] Indexing ended. 1 files indexed in 0s.
[Info  - 13:03:54] Indexing started.
[Info  - 13:03:54] Indexing ended. 1 files indexed in 0s.
[Info  - 13:04:05] Indexing started.
[Info  - 13:04:05] Indexing ended. 1 files indexed in 0s.
[Info  - 13:04:21] Indexing started.
[Info  - 13:04:21] Indexing ended. 1 files indexed in 0s.
[Info  - 13:04:26] Indexing started.
[Info  - 13:04:26] Indexing ended. 1 files indexed in 0s.
[Info  - 13:05:12] Indexing started.
[Info  - 13:05:12] Indexing ended. 1 files indexed in 0s.
[Info  - 13:05:17] Indexing started.
[Info  - 13:05:17] Indexing ended. 1 files indexed in 0s.
[Info  - 13:06:08] Indexing started.
[Info  - 13:06:09] Indexing ended. 1 files indexed in 0s.
[Info  - 13:06:31] Indexing started.
[Info  - 13:06:31] Indexing ended. 1 files indexed in 0s.
[Info  - 13:06:45] Indexing started.
[Info  - 13:06:45] Indexing ended. 1 files indexed in 0s.
[Info  - 13:08:32] Indexing started.
[Info  - 13:08:33] Indexing ended. 1 files indexed in 0s.
